Arguments: 
  /Users/stephenlizcano/.nvm/versions/node/v12.13.1/bin/node /usr/local/Cellar/yarn/1.21.1/libexec/bin/yarn.js

PATH: 
  /Users/stephenlizcano/.nvm/versions/node/v12.13.1/bin:/Users/stephenlizcano/google-cloud-sdk/bin:/usr/local/opt/node@10/bin:/Users/stephenlizcano/.local/bin:/usr/local/anaconda3/bin:/Users/stephenlizcano/bin:/usr/local/bin:/usr/local/bin:/usr/bin:/bin:/usr/sbin:/sbin:/Applications/VMware Fusion.app/Contents/Public:/Applications/Postgres.app/Contents/Versions/latest/bin:/Users/stephenlizcano/.nvm/versions/node/v12.13.1/bin:/Users/stephenlizcano/google-cloud-sdk/bin:/usr/local/opt/node@10/bin:/Users/stephenlizcano/.local/bin:/usr/local/anaconda3/bin:/Users/stephenlizcano/bin

Yarn version: 
  1.21.1

Node version: 
  12.13.1

Platform: 
  darwin x64

Trace: 
  SyntaxError: /Users/stephenlizcano/Aesuna/aws-bootstrap/package.json: Unexpected string in JSON at position 146
      at JSON.parse (<anonymous>)
      at /usr/local/Cellar/yarn/1.21.1/libexec/lib/cli.js:1625:59
      at Generator.next (<anonymous>)
      at step (/usr/local/Cellar/yarn/1.21.1/libexec/lib/cli.js:310:30)
      at /usr/local/Cellar/yarn/1.21.1/libexec/lib/cli.js:321:13

npm manifest: 
  {
    "name": "aws-bootstrap",
    "version": "1.0.0",
    "main": "server.js",
    "author": "Stephen Lizcano <stephen@aesuna.io>",
    "license": "MIT"
    "scripts": {
      "start": "./node_modules/pm2/bin/pm2 start ./server.js --name hello_aws --log ../logs/app.log ",
      "stop": "node ./node_modules/pm2/bin/pm2 stop hello_aws",
  "build": "echo 'Building...'",
    }
  }

yarn manifest: 
  No manifest

Lockfile: 
  # THIS IS AN AUTOGENERATED FILE. DO NOT EDIT THIS FILE DIRECTLY.
  # yarn lockfile v1
